2021-11-18 19:14:53,503 [INFO] Activator:177 - 


2021-11-18 19:14:53,504 [INFO] Activator:178 - !SESSION log4j initialized
2021-11-18 19:15:03,783 [INFO] McuFinderGlobals:39 - Set McuFinder mode to 2 (CubeIDE integrated)
2021-11-18 19:15:03,886 [INFO] ApplicationProperties:181 - Using Application install path: C:\ST\STM32CubeIDE_1.7.0\STM32CubeIDE\plugins\com.st.stm32cube.common.mx_6.3.0.202107141111
2021-11-18 19:15:03,894 [INFO] DbMcusXml:74 - Set database path to: C:\ST\STM32CubeIDE_1.7.0\STM32CubeIDE\plugins\com.st.stm32cube.common.mx_6.3.0.202107141111\\db\/mcu/
2021-11-18 19:15:03,897 [INFO] DbBoardsPdsc:56 - Set plugin database path to: C:\ST\STM32CubeIDE_1.7.0\STM32CubeIDE\plugins\com.st.stm32cube.common.mx_6.3.0.202107141111\\db\/plugins/boardmanager/
2021-11-18 19:15:03,899 [INFO] DbMcus:258 - Set plugin images path to: C:\ST\STM32CubeIDE_1.7.0\STM32CubeIDE\plugins\com.st.stm32cube.common.mx_6.3.0.202107141111\\db\/plugins/mcufinder/images/
2021-11-18 19:15:03,899 [INFO] DbBoards:264 - Set plugin images path to: C:\ST\STM32CubeIDE_1.7.0\STM32CubeIDE\plugins\com.st.stm32cube.common.mx_6.3.0.202107141111\\db\/plugins/mcufinder/images/
2021-11-18 19:15:03,901 [INFO] DbExamples:333 - Set plugin images path to: C:\ST\STM32CubeIDE_1.7.0\STM32CubeIDE\plugins\com.st.stm32cube.common.mx_6.3.0.202107141111\\db\/plugins/mcufinder/images/
2021-11-18 19:15:03,906 [INFO] DbMcusAds:119 - Set database path to: C:\Users\dell\.stmcufinder\plugins\mcufinder//mcu/
2021-11-18 19:15:03,906 [INFO] DbMcusDocs:110 - Set database path to: C:\Users\dell\.stmcufinder\plugins\mcufinder//mcu/
2021-11-18 19:15:03,908 [INFO] DbMcusJson:64 - Set database path to: C:\Users\dell\.stmcufinder\plugins\mcufinder//mcu/
2021-11-18 19:15:03,909 [INFO] DbBoardsDocs:110 - Set database path to: C:\Users\dell\.stmcufinder\plugins\mcufinder//mcu/
2021-11-18 19:15:03,910 [INFO] DbBoardsJson:57 - Set database path to: C:\Users\dell\.stmcufinder\plugins\mcufinder//mcu/
2021-11-18 19:15:03,912 [INFO] CrossReferenceDbSqlite:196 - Set database path to: C:\Users\dell\.stmcufinder\plugins\mcufinder//mcu/cs/
2021-11-18 19:15:03,915 [INFO] DbExamplesSqlite:767 - Set database path to: C:\Users\dell\.stmcufinder\plugins\mcufinder//mcu/
2021-11-18 19:15:03,998 [INFO] RulesReader:57 - Compatibility file has been processed (242 Rules)
2021-11-18 19:15:04,074 [INFO] DbMcusXml:74 - Set database path to: C:\ST\STM32CubeIDE_1.7.0\STM32CubeIDE\plugins\com.st.stm32cube.common.mx_6.3.0.202107141111\\db\/mcu/
2021-11-18 19:15:04,075 [INFO] DbBoardsPdsc:56 - Set plugin database path to: C:\ST\STM32CubeIDE_1.7.0\STM32CubeIDE\plugins\com.st.stm32cube.common.mx_6.3.0.202107141111\\db\/plugins/boardmanager/
2021-11-18 19:15:04,075 [INFO] DbMcus:258 - Set plugin images path to: C:\ST\STM32CubeIDE_1.7.0\STM32CubeIDE\plugins\com.st.stm32cube.common.mx_6.3.0.202107141111\\db\/plugins/mcufinder/images/
2021-11-18 19:15:04,075 [INFO] DbBoards:264 - Set plugin images path to: C:\ST\STM32CubeIDE_1.7.0\STM32CubeIDE\plugins\com.st.stm32cube.common.mx_6.3.0.202107141111\\db\/plugins/mcufinder/images/
2021-11-18 19:15:04,075 [INFO] DbExamples:333 - Set plugin images path to: C:\ST\STM32CubeIDE_1.7.0\STM32CubeIDE\plugins\com.st.stm32cube.common.mx_6.3.0.202107141111\\db\/plugins/mcufinder/images/
2021-11-18 19:15:04,075 [WARN] DbFile:35 - Overriding database path with different value: C:\Users\dell\.stmcufinder\plugins\mcufinder/ => C:\Users\dell\.stmcufinder\plugins\mcufinder
2021-11-18 19:15:04,075 [INFO] DbMcusAds:119 - Set database path to: C:\Users\dell\.stmcufinder\plugins\mcufinder//mcu/
2021-11-18 19:15:04,076 [WARN] DbFile:35 - Overriding database path with different value: C:\Users\dell\.stmcufinder\plugins\mcufinder/ => C:\Users\dell\.stmcufinder\plugins\mcufinder
2021-11-18 19:15:04,076 [INFO] DbMcusDocs:110 - Set database path to: C:\Users\dell\.stmcufinder\plugins\mcufinder//mcu/
2021-11-18 19:15:04,076 [WARN] DbFile:35 - Overriding database path with different value: C:\Users\dell\.stmcufinder\plugins\mcufinder/ => C:\Users\dell\.stmcufinder\plugins\mcufinder
2021-11-18 19:15:04,076 [INFO] DbMcusJson:64 - Set database path to: C:\Users\dell\.stmcufinder\plugins\mcufinder//mcu/
2021-11-18 19:15:04,076 [WARN] DbFile:35 - Overriding database path with different value: C:\Users\dell\.stmcufinder\plugins\mcufinder/ => C:\Users\dell\.stmcufinder\plugins\mcufinder
2021-11-18 19:15:04,076 [INFO] DbBoardsDocs:110 - Set database path to: C:\Users\dell\.stmcufinder\plugins\mcufinder//mcu/
2021-11-18 19:15:04,076 [WARN] DbFile:35 - Overriding database path with different value: C:\Users\dell\.stmcufinder\plugins\mcufinder/ => C:\Users\dell\.stmcufinder\plugins\mcufinder
2021-11-18 19:15:04,076 [INFO] DbBoardsJson:57 - Set database path to: C:\Users\dell\.stmcufinder\plugins\mcufinder//mcu/
2021-11-18 19:15:04,076 [WARN] DbFile:35 - Overriding database path with different value: C:\Users\dell\.stmcufinder\plugins\mcufinder/ => C:\Users\dell\.stmcufinder\plugins\mcufinder
2021-11-18 19:15:04,077 [WARN] DbFile:35 - Overriding database path with different value: C:\Users\dell\.stmcufinder\plugins\mcufinder/ => C:\Users\dell\.stmcufinder\plugins\mcufinder
2021-11-18 19:15:04,077 [INFO] CrossReferenceDbSqlite:196 - Set database path to: C:\Users\dell\.stmcufinder\plugins\mcufinder//mcu/cs/
2021-11-18 19:15:04,077 [WARN] DbFile:35 - Overriding database path with different value: C:\Users\dell\.stmcufinder\plugins\mcufinder/ => C:\Users\dell\.stmcufinder\plugins\mcufinder
2021-11-18 19:15:04,077 [INFO] DbExamplesSqlite:767 - Set database path to: C:\Users\dell\.stmcufinder\plugins\mcufinder//mcu/
2021-11-18 19:15:04,126 [INFO] MainPanel:214 - HeapMemory: 268435456
2021-11-18 19:15:04,185 [INFO] DbMcusXml:74 - Set database path to: C:\ST\STM32CubeIDE_1.7.0\STM32CubeIDE\plugins\com.st.stm32cube.common.mx_6.3.0.202107141111\\db\/mcu/
2021-11-18 19:15:04,185 [INFO] DbBoardsPdsc:56 - Set plugin database path to: C:\ST\STM32CubeIDE_1.7.0\STM32CubeIDE\plugins\com.st.stm32cube.common.mx_6.3.0.202107141111\\db\/plugins/boardmanager/
2021-11-18 19:15:04,185 [INFO] DbMcus:258 - Set plugin images path to: C:\ST\STM32CubeIDE_1.7.0\STM32CubeIDE\plugins\com.st.stm32cube.common.mx_6.3.0.202107141111\\db\/plugins/mcufinder/images/
2021-11-18 19:15:04,185 [INFO] DbBoards:264 - Set plugin images path to: C:\ST\STM32CubeIDE_1.7.0\STM32CubeIDE\plugins\com.st.stm32cube.common.mx_6.3.0.202107141111\\db\/plugins/mcufinder/images/
2021-11-18 19:15:04,185 [INFO] DbExamples:333 - Set plugin images path to: C:\ST\STM32CubeIDE_1.7.0\STM32CubeIDE\plugins\com.st.stm32cube.common.mx_6.3.0.202107141111\\db\/plugins/mcufinder/images/
2021-11-18 19:15:04,187 [WARN] DbFile:35 - Overriding database path with different value: C:\Users\dell\.stmcufinder\plugins\mcufinder/ => C:\Users\dell\.stmcufinder\plugins\mcufinder
2021-11-18 19:15:04,187 [INFO] DbMcusAds:119 - Set database path to: C:\Users\dell\.stmcufinder\plugins\mcufinder//mcu/
2021-11-18 19:15:04,187 [WARN] DbFile:35 - Overriding database path with different value: C:\Users\dell\.stmcufinder\plugins\mcufinder/ => C:\Users\dell\.stmcufinder\plugins\mcufinder
2021-11-18 19:15:04,187 [INFO] DbMcusDocs:110 - Set database path to: C:\Users\dell\.stmcufinder\plugins\mcufinder//mcu/
2021-11-18 19:15:04,187 [WARN] DbFile:35 - Overriding database path with different value: C:\Users\dell\.stmcufinder\plugins\mcufinder/ => C:\Users\dell\.stmcufinder\plugins\mcufinder
2021-11-18 19:15:04,187 [INFO] DbMcusJson:64 - Set database path to: C:\Users\dell\.stmcufinder\plugins\mcufinder//mcu/
2021-11-18 19:15:04,187 [WARN] DbFile:35 - Overriding database path with different value: C:\Users\dell\.stmcufinder\plugins\mcufinder/ => C:\Users\dell\.stmcufinder\plugins\mcufinder
2021-11-18 19:15:04,187 [INFO] DbBoardsDocs:110 - Set database path to: C:\Users\dell\.stmcufinder\plugins\mcufinder//mcu/
2021-11-18 19:15:04,187 [WARN] DbFile:35 - Overriding database path with different value: C:\Users\dell\.stmcufinder\plugins\mcufinder/ => C:\Users\dell\.stmcufinder\plugins\mcufinder
2021-11-18 19:15:04,187 [INFO] DbBoardsJson:57 - Set database path to: C:\Users\dell\.stmcufinder\plugins\mcufinder//mcu/
2021-11-18 19:15:04,188 [WARN] DbFile:35 - Overriding database path with different value: C:\Users\dell\.stmcufinder\plugins\mcufinder/ => C:\Users\dell\.stmcufinder\plugins\mcufinder
2021-11-18 19:15:04,188 [WARN] DbFile:35 - Overriding database path with different value: C:\Users\dell\.stmcufinder\plugins\mcufinder/ => C:\Users\dell\.stmcufinder\plugins\mcufinder
2021-11-18 19:15:04,188 [INFO] CrossReferenceDbSqlite:196 - Set database path to: C:\Users\dell\.stmcufinder\plugins\mcufinder//mcu/cs/
2021-11-18 19:15:04,188 [WARN] DbFile:35 - Overriding database path with different value: C:\Users\dell\.stmcufinder\plugins\mcufinder/ => C:\Users\dell\.stmcufinder\plugins\mcufinder
2021-11-18 19:15:04,188 [INFO] DbExamplesSqlite:767 - Set database path to: C:\Users\dell\.stmcufinder\plugins\mcufinder//mcu/
2021-11-18 19:15:04,203 [INFO] ApplicationProperties:181 - Using Application install path: C:\ST\STM32CubeIDE_1.7.0\STM32CubeIDE\plugins\com.st.stm32cube.common.mx_6.3.0.202107141111
2021-11-18 19:15:04,204 [INFO] PluginManage:188 - Search for loadable plugins [exclusion list=, ]
2021-11-18 19:15:04,205 [INFO] PluginManage:302 - Check plugin analytics
2021-11-18 19:15:04,337 [INFO] AnalyticsPlugin:257 - Accepted Software Licenses: 
2021-11-18 19:15:04,338 [INFO] AnalyticsPlugin:259 - Accepted CMSIS Pack Licenses: 
2021-11-18 19:15:04,339 [INFO] AnalyticsPlugin:261 - Accepted Firmware Licenses: 
2021-11-18 19:15:04,339 [INFO] PluginManage:352 - Loaded plugin analytics (category:tool,tabindex:-1)
2021-11-18 19:15:04,339 [INFO] PluginManage:302 - Check plugin clock
2021-11-18 19:15:04,349 [INFO] PluginManage:352 - Loaded plugin clock (category:base,tabindex:2)
2021-11-18 19:15:04,349 [INFO] PluginManage:302 - Check plugin ddr
2021-11-18 19:15:04,351 [INFO] PluginManage:352 - Loaded plugin ddr (category:tool,tabindex:6)
2021-11-18 19:15:04,351 [INFO] PluginManage:302 - Check plugin filemanager
2021-11-18 19:15:04,458 [INFO] PluginManage:352 - Loaded plugin filemanager (category:base,tabindex:10)
2021-11-18 19:15:04,458 [INFO] PluginManage:302 - Check plugin ipmanager
2021-11-18 19:15:04,465 [INFO] PluginManage:352 - Loaded plugin ipmanager (category:base,tabindex:5)
2021-11-18 19:15:04,465 [INFO] PluginManage:302 - Check plugin pinoutandconfiguration
2021-11-18 19:15:04,472 [INFO] PluginManage:352 - Loaded plugin pinoutandconfiguration (category:base,tabindex:1)
2021-11-18 19:15:04,472 [INFO] PluginManage:302 - Check plugin pinoutconfig
2021-11-18 19:15:04,495 [INFO] PluginManage:352 - Loaded plugin pinoutconfig (category:base,tabindex:0)
2021-11-18 19:15:04,495 [INFO] PluginManage:302 - Check plugin power
2021-11-18 19:15:04,503 [INFO] PluginManage:352 - Loaded plugin power (category:power,tabindex:4)
2021-11-18 19:15:04,503 [INFO] PluginManage:302 - Check plugin projectmanager
2021-11-18 19:15:04,519 [INFO] PluginManage:352 - Loaded plugin projectmanager (category:projectmanager,tabindex:3)
2021-11-18 19:15:04,520 [INFO] PluginManage:302 - Check plugin thirdparty
2021-11-18 19:15:04,642 [WARN] IntegrityCheckThread:78 - waiting for thirdparty lock release [integrity check]
2021-11-18 19:15:04,643 [INFO] PluginManage:352 - Loaded plugin thirdparty (category:base,tabindex:-1)
2021-11-18 19:15:04,644 [INFO] IntegrityCheckThread:80 - entering critical section [integrity check]
2021-11-18 19:15:04,644 [INFO] PluginManage:302 - Check plugin tools
2021-11-18 19:15:04,644 [INFO] ThirdPartyUpdaterWithRetryManager:66 - Updater plugin not ready yet. [1/15]
2021-11-18 19:15:04,646 [INFO] PluginManage:352 - Loaded plugin tools (category:base,tabindex:7)
2021-11-18 19:15:04,646 [INFO] PluginManage:302 - Check plugin tutovideos
2021-11-18 19:15:04,822 [INFO] PluginManage:352 - Loaded plugin tutovideos (category:base,tabindex:-1)
2021-11-18 19:15:04,822 [INFO] PluginManage:302 - Check plugin updater
2021-11-18 19:15:04,835 [INFO] PluginManage:352 - Loaded plugin updater (category:base,tabindex:12)
2021-11-18 19:15:04,836 [INFO] PluginManage:275 - PluginManage : Loaded plugins [13]
2021-11-18 19:15:04,974 [INFO] PinOutPanel:1463 - setPackage(No Configuration,No Configuration)
2021-11-18 19:15:05,047 [INFO] IPUIPlugin:74 - create IPUIPlugin
2021-11-18 19:15:05,047 [INFO] PluginManager:213 - loadIPPluginJar : add adc
2021-11-18 19:15:05,049 [INFO] IPUIPlugin:74 - create IPUIPlugin
2021-11-18 19:15:05,049 [INFO] PluginManager:213 - loadIPPluginJar : add aes
2021-11-18 19:15:05,051 [INFO] IPUIPlugin:74 - create IPUIPlugin
2021-11-18 19:15:05,051 [INFO] PluginManager:213 - loadIPPluginJar : add can
2021-11-18 19:15:05,053 [INFO] IPUIPlugin:74 - create IPUIPlugin
2021-11-18 19:15:05,053 [INFO] PluginManager:213 - loadIPPluginJar : add comp
2021-11-18 19:15:05,055 [INFO] IPUIPlugin:74 - create IPUIPlugin
2021-11-18 19:15:05,055 [INFO] PluginManager:213 - loadIPPluginJar : add cryp
2021-11-18 19:15:05,057 [INFO] IPUIPlugin:74 - create IPUIPlugin
2021-11-18 19:15:05,057 [INFO] PluginManager:213 - loadIPPluginJar : add dfsdm
2021-11-18 19:15:05,062 [INFO] IPUIPlugin:74 - create IPUIPlugin
2021-11-18 19:15:05,063 [INFO] PluginManager:213 - loadIPPluginJar : add dma
2021-11-18 19:15:05,065 [INFO] IPUIPlugin:74 - create IPUIPlugin
2021-11-18 19:15:05,065 [INFO] PluginManager:213 - loadIPPluginJar : add dma3
2021-11-18 19:15:05,066 [INFO] IPUIPlugin:74 - create IPUIPlugin
2021-11-18 19:15:05,066 [INFO] PluginManager:213 - loadIPPluginJar : add fatfs
2021-11-18 19:15:05,070 [INFO] IPUIPlugin:74 - create IPUIPlugin
2021-11-18 19:15:05,070 [INFO] PluginManager:213 - loadIPPluginJar : add fmc
2021-11-18 19:15:05,075 [INFO] IPUIPlugin:74 - create IPUIPlugin
2021-11-18 19:15:05,075 [INFO] PluginManager:213 - loadIPPluginJar : add freertos
2021-11-18 19:15:05,077 [INFO] IPUIPlugin:74 - create IPUIPlugin
2021-11-18 19:15:05,077 [INFO] PluginManager:213 - loadIPPluginJar : add genericplugin
2021-11-18 19:15:05,079 [INFO] IPUIPlugin:74 - create IPUIPlugin
2021-11-18 19:15:05,079 [INFO] PluginManager:213 - loadIPPluginJar : add gfxmmu
2021-11-18 19:15:05,083 [INFO] IPUIPlugin:74 - create IPUIPlugin
2021-11-18 19:15:05,083 [INFO] PluginManager:213 - loadIPPluginJar : add gic
2021-11-18 19:15:05,087 [INFO] IPUIPlugin:74 - create IPUIPlugin
2021-11-18 19:15:05,087 [INFO] PluginManager:213 - loadIPPluginJar : add gpio
2021-11-18 19:15:05,089 [INFO] IPUIPlugin:74 - create IPUIPlugin
2021-11-18 19:15:05,089 [INFO] PluginManager:213 - loadIPPluginJar : add gtzc
2021-11-18 19:15:05,091 [INFO] IPUIPlugin:74 - create IPUIPlugin
2021-11-18 19:15:05,091 [INFO] PluginManager:213 - loadIPPluginJar : add hash
2021-11-18 19:15:05,093 [INFO] IPUIPlugin:74 - create IPUIPlugin
2021-11-18 19:15:05,093 [INFO] PluginManager:213 - loadIPPluginJar : add i2c
2021-11-18 19:15:05,095 [INFO] IPUIPlugin:74 - create IPUIPlugin
2021-11-18 19:15:05,096 [INFO] PluginManager:213 - loadIPPluginJar : add i2s
2021-11-18 19:15:05,098 [INFO] IPUIPlugin:74 - create IPUIPlugin
2021-11-18 19:15:05,098 [INFO] PluginManager:213 - loadIPPluginJar : add ipddr
2021-11-18 19:15:05,104 [INFO] IPUIPlugin:74 - create IPUIPlugin
2021-11-18 19:15:05,104 [INFO] PluginManager:213 - loadIPPluginJar : add linkedlist
2021-11-18 19:15:05,106 [INFO] IPUIPlugin:74 - create IPUIPlugin
2021-11-18 19:15:05,106 [INFO] PluginManager:213 - loadIPPluginJar : add lorawan
2021-11-18 19:15:05,108 [INFO] IPUIPlugin:74 - create IPUIPlugin
2021-11-18 19:15:05,108 [INFO] PluginManager:213 - loadIPPluginJar : add ltdc
2021-11-18 19:15:05,111 [INFO] IPUIPlugin:74 - create IPUIPlugin
2021-11-18 19:15:05,112 [INFO] PluginManager:213 - loadIPPluginJar : add mdma
2021-11-18 19:15:05,114 [INFO] IPUIPlugin:74 - create IPUIPlugin
2021-11-18 19:15:05,115 [INFO] PluginManager:213 - loadIPPluginJar : add nvic
2021-11-18 19:15:05,117 [INFO] IPUIPlugin:74 - create IPUIPlugin
2021-11-18 19:15:05,117 [INFO] PluginManager:213 - loadIPPluginJar : add opamp
2021-11-18 19:15:05,119 [INFO] IPUIPlugin:74 - create IPUIPlugin
2021-11-18 19:15:05,120 [INFO] PluginManager:213 - loadIPPluginJar : add openamp
2021-11-18 19:15:05,122 [INFO] IPUIPlugin:74 - create IPUIPlugin
2021-11-18 19:15:05,122 [INFO] PluginManager:213 - loadIPPluginJar : add pdm2pcm
2021-11-18 19:15:05,128 [INFO] IPUIPlugin:74 - create IPUIPlugin
2021-11-18 19:15:05,131 [INFO] PluginManager:213 - loadIPPluginJar : add plateformsettings
2021-11-18 19:15:05,132 [INFO] IPUIPlugin:74 - create IPUIPlugin
2021-11-18 19:15:05,132 [INFO] PluginManager:213 - loadIPPluginJar : add quadspi
2021-11-18 19:15:05,135 [INFO] IPUIPlugin:74 - create IPUIPlugin
2021-11-18 19:15:05,135 [INFO] PluginManager:213 - loadIPPluginJar : add resmgrutility
2021-11-18 19:15:05,137 [INFO] IPUIPlugin:74 - create IPUIPlugin
2021-11-18 19:15:05,138 [INFO] PluginManager:213 - loadIPPluginJar : add sai
2021-11-18 19:15:05,140 [INFO] IPUIPlugin:74 - create IPUIPlugin
2021-11-18 19:15:05,140 [INFO] PluginManager:213 - loadIPPluginJar : add spi
2021-11-18 19:15:05,143 [INFO] IPUIPlugin:74 - create IPUIPlugin
2021-11-18 19:15:05,144 [INFO] PluginManager:213 - loadIPPluginJar : add stm32_wpan
2021-11-18 19:15:05,145 [INFO] IPUIPlugin:74 - create IPUIPlugin
2021-11-18 19:15:05,145 [INFO] PluginManager:213 - loadIPPluginJar : add tim
2021-11-18 19:15:05,148 [INFO] IPUIPlugin:74 - create IPUIPlugin
2021-11-18 19:15:05,148 [INFO] PluginManager:213 - loadIPPluginJar : add touchsensing
2021-11-18 19:15:05,149 [INFO] IPUIPlugin:74 - create IPUIPlugin
2021-11-18 19:15:05,150 [INFO] PluginManager:213 - loadIPPluginJar : add tracer_emb
2021-11-18 19:15:05,151 [INFO] IPUIPlugin:74 - create IPUIPlugin
2021-11-18 19:15:05,151 [INFO] PluginManager:213 - loadIPPluginJar : add ts
2021-11-18 19:15:05,152 [INFO] IPUIPlugin:74 - create IPUIPlugin
2021-11-18 19:15:05,153 [INFO] PluginManager:213 - loadIPPluginJar : add tsc
2021-11-18 19:15:05,154 [INFO] IPUIPlugin:74 - create IPUIPlugin
2021-11-18 19:15:05,154 [INFO] PluginManager:213 - loadIPPluginJar : add ucpd
2021-11-18 19:15:05,173 [INFO] IPUIPlugin:74 - create IPUIPlugin
2021-11-18 19:15:05,175 [INFO] PluginManager:213 - loadIPPluginJar : add usart
2021-11-18 19:15:05,179 [INFO] IPUIPlugin:74 - create IPUIPlugin
2021-11-18 19:15:05,179 [INFO] PluginManager:213 - loadIPPluginJar : add usbx
2021-11-18 19:15:05,497 [FATAL] Updater:294 - Updater called before beeing initialized
2021-11-18 19:15:05,603 [FATAL] Updater:294 - Updater called before beeing initialized
2021-11-18 19:15:05,606 [INFO] DbMcusAds:47 - JSON generation date=Thu Sep 30 08:55:09 EET 2021 (1632984909261)
2021-11-18 19:15:05,607 [FATAL] Updater:294 - Updater called before beeing initialized
2021-11-18 19:15:05,639 [WARN] DetailPanel:314 - Failed to get advertising image, set to default
2021-11-18 19:15:05,735 [FATAL] Updater:294 - Updater called before beeing initialized
2021-11-18 19:15:05,737 [FATAL] Updater:294 - Updater called before beeing initialized
2021-11-18 19:15:05,738 [FATAL] Updater:294 - Updater called before beeing initialized
2021-11-18 19:15:05,738 [WARN] DetailPanel:314 - Failed to get advertising image, set to default
2021-11-18 19:15:05,738 [FATAL] Updater:294 - Updater called before beeing initialized
2021-11-18 19:15:05,787 [ERROR] Updater:1075 - MainUpdater not yet initialized. External WinMGr cannot be set.
2021-11-18 19:15:05,789 [INFO] Updater:1012 - Updater Version found : 6.3.0
2021-11-18 19:15:05,804 [INFO] ApplicationProperties:181 - Using Application install path: C:\ST\STM32CubeIDE_1.7.0\STM32CubeIDE\plugins\com.st.stm32cube.common.mx_6.3.0.202107141111
2021-11-18 19:15:06,554 [INFO] MainUpdater:2671 - connection check result : 10
2021-11-18 19:15:06,557 [INFO] MainUpdater:265 - Updater Check For Update Now.
2021-11-18 19:15:06,558 [INFO] MicroXplorer:478 - Change Database Version : DB.6.0.30
2021-11-18 19:15:06,702 [INFO] CheckServerUpdateThread:112 - End of CheckServer Thread
2021-11-18 19:15:06,766 [INFO] MainUpdater:2671 - connection check result : 10
2021-11-18 19:15:06,999 [INFO] McuFinderGlobals:52 - Set McuFinderConnectedMode to false
2021-11-18 19:15:07,099 [INFO] CrossSelectorPresenter:1330 - Cross Selector saved comparison directory: C:\Users\dell\.stmcufinder\plugins\mcufinder\mcu\cs_comparisons_mx
2021-11-18 19:15:07,103 [INFO] MultiScanPanel:197 - Auto-refresh data requested => check proxy status ongoing
2021-11-18 19:15:07,103 [INFO] MultiScanPanel:201 - Proxy status is invalid
2021-11-18 19:15:07,106 [INFO] FinderPluginLoader:87 - Searching for filters in installed packs
2021-11-18 19:15:07,109 [INFO] DbMcusXml:100 - Load MCU database from C:\ST\STM32CubeIDE_1.7.0\STM32CubeIDE\plugins\com.st.stm32cube.common.mx_6.3.0.202107141111\\db\/mcu/families.xml
2021-11-18 19:15:07,782 [WARN] PackLoader:238 - Cannot read IP mode file for STMicroelectronics.X-CUBE-BLE1.6.2.2
2021-11-18 19:15:07,799 [WARN] PackLoader:238 - Cannot read IP mode file for STMicroelectronics.X-CUBE-BLE2.3.2.2
2021-11-18 19:15:07,810 [WARN] PackLoader:238 - Cannot read IP mode file for STMicroelectronics.X-CUBE-NFC4.2.0.3
2021-11-18 19:15:07,822 [WARN] PackLoader:238 - Cannot read IP mode file for STMicroelectronics.X-CUBE-SFXS2LP1.3.1.0
2021-11-18 19:15:07,849 [WARN] PackLoader:238 - Cannot read IP mode file for STMicroelectronics.X-CUBE-AZRTOS-F4.1.0.0
2021-11-18 19:15:07,859 [WARN] PackLoader:238 - Cannot read IP mode file for STMicroelectronics.X-CUBE-TOF1.2.0.0
2021-11-18 19:15:07,872 [WARN] PackLoader:238 - Cannot read IP mode file for STMicroelectronics.X-CUBE-SUBG2.4.2.0
2021-11-18 19:15:07,901 [WARN] PackLoader:238 - Cannot read IP mode file for STMicroelectronics.X-CUBE-ALGOBUILD.1.2.1
2021-11-18 19:15:07,908 [WARN] PackLoader:238 - Cannot read IP mode file for STMicroelectronics.X-CUBE-TOUCHGFX.4.18.0
2021-11-18 19:15:07,913 [WARN] PackLoader:238 - Cannot read IP mode file for wolfSSL.I-CUBE-wolfSSL.5.0.0
2021-11-18 19:15:07,926 [WARN] PackLoader:238 - Cannot read IP mode file for RoweBots.I-CUBE-UNISONRTOS.5.5.0-4
2021-11-18 19:15:07,997 [WARN] PackLoader:238 - Cannot read IP mode file for SEGGER.I-CUBE-embOS.1.2.0
2021-11-18 19:15:08,110 [WARN] PackLoader:238 - Cannot read IP mode file for STMicroelectronics.X-CUBE-AZRTOS-H7.2.0.0
2021-11-18 19:15:08,116 [INFO] DbMcusJson:93 - JSON generation date=Fri Oct 29 09:56:29 EET 2021 (1635494189)
2021-11-18 19:15:08,133 [WARN] PackLoader:238 - Cannot read IP mode file for STMicroelectronics.X-CUBE-AZRTOS-L4.1.0.0
2021-11-18 19:15:08,206 [WARN] PackLoader:238 - Cannot read IP mode file for STMicroelectronics.X-CUBE-MEMS1.9.1.0
2021-11-18 19:15:08,481 [WARN] PackLoader:238 - Cannot read IP mode file for STMicroelectronics.X-CUBE-ALS.1.0.1
2021-11-18 19:15:08,486 [WARN] PackLoader:238 - Cannot read IP mode file for STMicroelectronics.X-CUBE-AI.7.0.0
2021-11-18 19:15:08,492 [WARN] PackLoader:238 - Cannot read IP mode file for STMicroelectronics.X-CUBE-EEPRMA1.3.1.0
2021-11-18 19:15:08,498 [WARN] PackLoader:238 - Cannot read IP mode file for STMicroelectronics.X-CUBE-GNSS1.5.2.0
2021-11-18 19:15:08,505 [WARN] PackLoader:238 - Cannot read IP mode file for STMicroelectronics.X-CUBE-DISPLAY.2.0.0
2021-11-18 19:15:08,506 [INFO] ThirdParty:915 - Integrity check success = true
2021-11-18 19:15:08,506 [INFO] IntegrityCheckThread:94 - exiting critical section [integrity check]
2021-11-18 19:15:08,506 [INFO] IntegrityCheckThread:97 - End integrity checks thread
2021-11-18 19:15:08,914 [INFO] DbMcus:175 - Found 1951 MCUs (1903 are supported by CubeMX, 1905 are visible in CubeMX)
2021-11-18 19:15:08,915 [INFO] ApiDb:251 - Load user favorites file C:\Users\dell/.stm32cubeide/favorites.mcus.txt: 0 item(s)
2021-11-18 19:15:08,915 [INFO] ApiDb:255 - User favorites MCUs=[]
2021-11-18 19:15:08,915 [INFO] DbMcus:187 - Set 0 / 0 favorites MCUs
2021-11-18 19:15:09,378 [INFO] DetailPanel:309 - Set advertising image to C:/Users/dell/STM32Cube/Repository/\en.Prom_NBSTM32U50921.jpg
2021-11-18 19:15:09,749 [INFO] DbBoardsPdsc:90 - Found 25 items
2021-11-18 19:15:09,751 [INFO] DbBoardsPdsc:90 - Found 9 items
2021-11-18 19:15:09,754 [INFO] DbBoardsPdsc:90 - Found 33 items
2021-11-18 19:15:09,755 [INFO] DbBoardsPdsc:90 - Found 1 items
2021-11-18 19:15:09,761 [INFO] DbBoardsPdsc:90 - Found 48 items
2021-11-18 19:15:09,767 [INFO] DbBoardsPdsc:90 - Found 43 items
2021-11-18 19:15:09,768 [INFO] DbBoardsPdsc:90 - Found 2 items
2021-11-18 19:15:09,785 [INFO] DbBoardsPdsc:90 - Found 5 items
2021-11-18 19:15:09,788 [WARN] DbBoardsPdsc:254 - Board STM32H7B3I-DK: unknown feature type=Audio, name=, username=Audio stereo codec with Headphone Amp (CS42L51-CNZ), n=1
2021-11-18 19:15:09,788 [WARN] DbBoardsPdsc:254 - Board STM32H735G-DK: unknown feature type=Audio, name=, username=Audio stereo codec with Headphone Amp (WM8994ECS/R), n=1
2021-11-18 19:15:09,790 [WARN] DbBoardsPdsc:254 - Board STM32H7B3I-EVAL: unknown feature type=Audio, name=, username=Multi-Channel Audio Codec (CS42L51-CNZ), n=1
2021-11-18 19:15:09,790 [WARN] DbBoardsPdsc:254 - Board STM32H7B3I-EVAL: unknown feature type=Meter, name=, username=Power-metering and Temperature-monitoring with sigma-delta modulators, n=1
2021-11-18 19:15:09,790 [WARN] DbBoardsPdsc:254 - Board STM32H7B3I-EVAL: unknown feature type=Motor, name=, username=Motor Control, n=1
2021-11-18 19:15:09,790 [WARN] DbBoardsPdsc:254 - Board STM32U575I-EV: unknown feature type=joystick, name=, username=4-direction joystick with selection button, n=1
2021-11-18 19:15:09,821 [INFO] DbBoardsJson:86 - JSON generation date=Fri Oct 29 09:56:29 EET 2021 (1635494189)
2021-11-18 19:15:09,826 [INFO] DbBoards:117 - Found 167 boards (163 are supported by CubeMX)
2021-11-18 19:15:09,829 [INFO] DbBoardsDocs:143 - JSON generation date=Fri Oct 29 09:56:29 EET 2021 (1635494189)
2021-11-18 19:15:09,832 [INFO] DbBoardsDocs:79 - Found 209 boards documents
2021-11-18 19:15:09,833 [WARN] DbBoards:127 - board B-L475E-IOT01A2 has no document id list !
2021-11-18 19:15:09,834 [WARN] DbBoards:127 - board NUCLEO-H743ZI has no document id list !
2021-11-18 19:15:09,834 [WARN] DbBoards:127 - board NUCLEO-WL55JC2 has no document id list !
2021-11-18 19:15:09,834 [WARN] DbBoards:127 - board P-NUCLEO-WB55-Nucleo has no document id list !
2021-11-18 19:15:09,834 [WARN] DbBoards:127 - board P-NUCLEO-WB55-USBDongle has no document id list !
2021-11-18 19:15:09,834 [WARN] DbBoards:127 - board STEVAL-BFA001V1B has no document id list !
2021-11-18 19:15:09,834 [WARN] DbBoards:127 - board STEVAL-BFA001V2B has no document id list !
2021-11-18 19:15:09,835 [WARN] DbBoards:127 - board STEVAL-IDP005V1 has no document id list !
2021-11-18 19:15:09,835 [WARN] DbBoards:127 - board STEVAL-IDP005V2 has no document id list !
2021-11-18 19:15:09,835 [WARN] DbBoards:127 - board STEVAL-MKSBOX1V1 has no document id list !
2021-11-18 19:15:09,835 [WARN] DbBoards:127 - board STEVAL-STWINKT1 has no document id list !
2021-11-18 19:15:09,835 [WARN] DbBoards:127 - board STEVAL-STWINKT1B has no document id list !
2021-11-18 19:15:09,835 [WARN] DbBoards:127 - board STM32439I-EVAL2 has no document id list !
2021-11-18 19:15:09,835 [WARN] DbBoards:127 - board STM32F401C-DISCO has no document id list !
2021-11-18 19:15:09,836 [WARN] DbBoards:127 - board STM32F769I-DISC1 has no document id list !
2021-11-18 19:15:09,836 [WARN] DbBoards:127 - board STM32G474E-EVAL1 has no document id list !
2021-11-18 19:15:09,836 [WARN] DbBoards:127 - board STM32H743I-EVAL2 has no document id list !
2021-11-18 19:15:09,836 [WARN] DbBoards:127 - board STM32H747I-DISC1 has no document id list !
2021-11-18 19:15:09,836 [WARN] DbBoards:127 - board STM32H753I-EVAL2 has no document id list !
2021-11-18 19:15:09,836 [WARN] DbBoards:127 - board STM32L-DISCOVERY has no document id list !
2021-11-18 19:15:09,995 [ERROR] DbBoards:189 - Image file not found for board B-U585I-IOT02A: C:\ST\STM32CubeIDE_1.7.0\STM32CubeIDE\plugins\com.st.stm32cube.common.mx_6.3.0.202107141111\\db\/plugins/mcufinder/images/boards/B-U585I-IOT02A_small.jpg
2021-11-18 19:15:11,468 [INFO] ApiDb:251 - Load user favorites file C:\Users\dell/.stm32cubeide/favorites.boards.txt: 0 item(s)
2021-11-18 19:15:11,468 [INFO] ApiDb:255 - User favorites Boards=[]
2021-11-18 19:15:11,468 [INFO] DbBoards:206 - Set 0 / 0 favorites Boards
2021-11-18 19:15:29,255 [INFO] DbMcusDocs:143 - JSON generation date=Fri Oct 29 09:56:29 EET 2021 (1635494189)
2021-11-18 19:15:29,580 [INFO] DbMcusDocs:79 - Found 682 MCUs documents
2021-11-18 19:15:54,643 [INFO] MainUpdater:2671 - connection check result : 10
2021-11-18 19:15:54,644 [INFO] MainUpdater:2671 - connection check result : 10
2021-11-18 19:15:54,678 [INFO] MicroXplorer:448 - Change Database Path : 
2021-11-18 19:15:54,678 [INFO] MicroXplorer:478 - Change Database Version : DB.6.0.30
2021-11-18 19:15:54,679 [WARN] ThirdParty:813 - waiting for thirdparty lock release [close project]
2021-11-18 19:15:54,680 [INFO] ThirdParty:815 - entering critical section [close project]
2021-11-18 19:15:54,681 [INFO] ThirdParty:825 - exiting critical section [close project]
2021-11-18 19:15:54,688 [INFO] PinOutPanel:1463 - setPackage(No Configuration,No Configuration)
2021-11-18 19:15:54,689 [INFO] UtilMem:74 - Begin LoadConfig() Used Memory: 476230408 Bytes (648019968)
2021-11-18 19:15:54,690 [INFO] MicroXplorer:448 - Change Database Path : 
2021-11-18 19:15:54,690 [INFO] MicroXplorer:478 - Change Database Version : DB.6.0.30
2021-11-18 19:15:54,690 [INFO] OpenFileManager:313 - Change cursor
2021-11-18 19:15:56,122 [INFO] Context:592 - Trying to add GPIOservice into a context  which must be forbidden
2021-11-18 19:15:56,495 [INFO] ImportTextPane:167 - (OptionalMessage_ERROR) Unable to find key (Mcu.ThirdPartyNb) in loaded IOC file
2021-11-18 19:15:56,495 [INFO] ImportTextPane:167 - (OptionalMessage_ERROR) Unable to find key (Mcu.PinsNb) in loaded IOC file
2021-11-18 19:15:56,495 [INFO] ImportTextPane:167 - (OptionalMessage_ERROR) Unable to find key (Mcu.IPNb) in loaded IOC file
2021-11-18 19:15:56,546 [WARN] ApiManager:304 - Cannot register API 'Board Extension:S2868A1' from pack STMicroelectronics.X-CUBE-SFXS2LP1.3.1.0: no header file found
2021-11-18 19:15:56,546 [WARN] ApiManager:304 - Cannot register API 'Board Extension:S2868A2' from pack STMicroelectronics.X-CUBE-SFXS2LP1.3.1.0: no header file found
2021-11-18 19:15:56,546 [WARN] ApiManager:304 - Cannot register API 'Board Extension:S2915A1' from pack STMicroelectronics.X-CUBE-SFXS2LP1.3.1.0: no header file found
2021-11-18 19:15:56,559 [WARN] ModelIntegratedComponent:60 - No mode defined for component null
2021-11-18 19:15:56,559 [WARN] ModelIntegratedComponent:60 - No mode defined for component null
2021-11-18 19:15:56,559 [WARN] ModelIntegratedComponent:60 - No mode defined for component null
2021-11-18 19:15:56,559 [WARN] ModelIntegratedComponent:60 - No mode defined for component null
2021-11-18 19:15:56,559 [WARN] ModelIntegratedComponent:60 - No mode defined for component null
2021-11-18 19:15:56,559 [WARN] ModelIntegratedComponent:60 - No mode defined for component null
2021-11-18 19:15:56,560 [WARN] ModelIntegratedComponent:60 - No mode defined for component null
2021-11-18 19:15:56,560 [WARN] ModelIntegratedComponent:60 - No mode defined for component null
2021-11-18 19:15:56,560 [WARN] ModelIntegratedComponent:60 - No mode defined for component null
2021-11-18 19:15:56,560 [WARN] ModelIntegratedComponent:60 - No mode defined for component null
2021-11-18 19:15:56,560 [WARN] ModelIntegratedComponent:60 - No mode defined for component null
2021-11-18 19:15:56,560 [WARN] ModelIntegratedComponent:60 - No mode defined for component null
2021-11-18 19:15:56,560 [WARN] ModelIntegratedComponent:60 - No mode defined for component null
2021-11-18 19:15:56,560 [WARN] ModelIntegratedComponent:60 - No mode defined for component null
2021-11-18 19:15:56,560 [WARN] ModelIntegratedComponent:60 - No mode defined for component null
2021-11-18 19:15:56,560 [WARN] ModelIntegratedComponent:60 - No mode defined for component null
2021-11-18 19:15:56,560 [WARN] ModelIntegratedComponent:60 - No mode defined for component null
2021-11-18 19:15:56,560 [WARN] ModelIntegratedComponent:60 - No mode defined for component null
2021-11-18 19:15:56,560 [WARN] ModelIntegratedComponent:60 - No mode defined for component null
2021-11-18 19:15:56,561 [WARN] ModelIntegratedComponent:60 - No mode defined for component null
2021-11-18 19:15:56,561 [WARN] ModelIntegratedComponent:60 - No mode defined for component null
2021-11-18 19:15:56,561 [WARN] ModelIntegratedComponent:60 - No mode defined for component null
2021-11-18 19:15:56,561 [WARN] ModelIntegratedComponent:60 - No mode defined for component null
2021-11-18 19:15:56,561 [WARN] ModelIntegratedComponent:60 - No mode defined for component null
2021-11-18 19:15:56,561 [WARN] ModelIntegratedComponent:60 - No mode defined for component null
2021-11-18 19:15:56,561 [WARN] ModelIntegratedComponent:60 - No mode defined for component null
2021-11-18 19:15:56,561 [WARN] ModelIntegratedComponent:60 - No mode defined for component null
2021-11-18 19:15:56,561 [WARN] ModelIntegratedComponent:60 - No mode defined for component null
2021-11-18 19:15:56,561 [WARN] ModelIntegratedComponent:60 - No mode defined for component null
2021-11-18 19:15:56,561 [WARN] ModelIntegratedComponent:60 - No mode defined for component null
2021-11-18 19:15:56,561 [WARN] ModelIntegratedComponent:60 - No mode defined for component null
2021-11-18 19:15:56,567 [WARN] ApiManager:304 - Cannot register API 'Board Extension:S2868A1' from pack STMicroelectronics.X-CUBE-SUBG2.4.2.0: no header file found
2021-11-18 19:15:56,567 [WARN] ApiManager:304 - Cannot register API 'Board Extension:S2868A2' from pack STMicroelectronics.X-CUBE-SUBG2.4.2.0: no header file found
2021-11-18 19:15:56,567 [WARN] ApiManager:304 - Cannot register API 'Board Extension:S2915A1' from pack STMicroelectronics.X-CUBE-SUBG2.4.2.0: no header file found
2021-11-18 19:15:56,725 [WARN] ApiManager:304 - Cannot register API 'Board Extension:IKS01A3' from pack STMicroelectronics.X-CUBE-MEMS1.9.1.0: no header file found
2021-11-18 19:15:56,725 [WARN] ApiManager:304 - Cannot register API 'Board Extension:IKS01A2' from pack STMicroelectronics.X-CUBE-MEMS1.9.1.0: no header file found
2021-11-18 19:15:56,725 [WARN] ApiManager:304 - Cannot register API 'Board Extension:IKS02A1' from pack STMicroelectronics.X-CUBE-MEMS1.9.1.0: no header file found
2021-11-18 19:15:56,745 [INFO] RtosManager:484 - Registered RTOS mode: class=CMSIS, group=RTOS, mode=CMSIS_V1, owner=FREERTOS
2021-11-18 19:15:56,745 [INFO] RtosManager:484 - Registered RTOS mode: class=CMSIS, group=RTOS2, mode=CMSIS_V2, owner=FREERTOS
2021-11-18 19:15:56,745 [INFO] RtosManager:484 - Registered RTOS mode: class=RTOS, group=Core, mode=CMSIS_V1, owner=FREERTOS
2021-11-18 19:15:56,745 [INFO] RtosManager:484 - Registered RTOS mode: class=RTOS, group=Core, mode=CMSIS_V2, owner=FREERTOS
2021-11-18 19:15:56,745 [WARN] ModelIntegratedComponent:181 - Missing modes for component STMicroelectronics:FreeRTOS:0.0.1:STMicroelectronics:RTOS:FreeRTOS:Core:::10.2.0:
2021-11-18 19:15:56,746 [WARN] ModelIntegratedComponent:179 - Modes not found for component STMicroelectronics:USB_DEVICE:1.0.0:STMicroelectronics:USB::USB Device:Audio HS::1.0:USB_DEVICE_1_0_RESTRICTED_HS
2021-11-18 19:15:56,746 [WARN] ModelIntegratedComponent:185 - Modes not found for component STMicroelectronics:USB_DEVICE:1.0.0:STMicroelectronics:USB::USB Device:Audio HS::1.0:USB_DEVICE_1_0_RESTRICTED_HS
2021-11-18 19:15:56,746 [WARN] ModelIntegratedComponent:179 - Modes not found for component STMicroelectronics:USB_DEVICE:1.0.0:STMicroelectronics:USB::USB Device:CDC HS::1.0:USB_DEVICE_1_0_RESTRICTED_HS
2021-11-18 19:15:56,746 [WARN] ModelIntegratedComponent:185 - Modes not found for component STMicroelectronics:USB_DEVICE:1.0.0:STMicroelectronics:USB::USB Device:CDC HS::1.0:USB_DEVICE_1_0_RESTRICTED_HS
2021-11-18 19:15:56,746 [WARN] ModelIntegratedComponent:179 - Modes not found for component STMicroelectronics:USB_DEVICE:1.0.0:STMicroelectronics:USB::USB Device:DFU HS::1.0:USB_DEVICE_1_0_RESTRICTED_HS
2021-11-18 19:15:56,746 [WARN] ModelIntegratedComponent:185 - Modes not found for component STMicroelectronics:USB_DEVICE:1.0.0:STMicroelectronics:USB::USB Device:DFU HS::1.0:USB_DEVICE_1_0_RESTRICTED_HS
2021-11-18 19:15:56,746 [WARN] ModelIntegratedComponent:179 - Modes not found for component STMicroelectronics:USB_DEVICE:1.0.0:STMicroelectronics:USB::USB Device:HID HS::1.0:USB_DEVICE_1_0_RESTRICTED_HS
2021-11-18 19:15:56,746 [WARN] ModelIntegratedComponent:185 - Modes not found for component STMicroelectronics:USB_DEVICE:1.0.0:STMicroelectronics:USB::USB Device:HID HS::1.0:USB_DEVICE_1_0_RESTRICTED_HS
2021-11-18 19:15:56,746 [WARN] ModelIntegratedComponent:179 - Modes not found for component STMicroelectronics:USB_DEVICE:1.0.0:STMicroelectronics:USB::USB Device:Custom HID HS::1.0:USB_DEVICE_1_0_RESTRICTED_HS
2021-11-18 19:15:56,746 [WARN] ModelIntegratedComponent:185 - Modes not found for component STMicroelectronics:USB_DEVICE:1.0.0:STMicroelectronics:USB::USB Device:Custom HID HS::1.0:USB_DEVICE_1_0_RESTRICTED_HS
2021-11-18 19:15:56,747 [WARN] ModelIntegratedComponent:179 - Modes not found for component STMicroelectronics:USB_DEVICE:1.0.0:STMicroelectronics:USB::USB Device:MSC HS::1.0:USB_DEVICE_1_0_RESTRICTED_HS
2021-11-18 19:15:56,747 [WARN] ModelIntegratedComponent:185 - Modes not found for component STMicroelectronics:USB_DEVICE:1.0.0:STMicroelectronics:USB::USB Device:MSC HS::1.0:USB_DEVICE_1_0_RESTRICTED_HS
2021-11-18 19:15:56,752 [WARN] ApiManager:304 - Cannot register API 'Board Extension:EEPRMA1' from pack STMicroelectronics.X-CUBE-EEPRMA1.3.1.0: no header file found
2021-11-18 19:15:56,752 [WARN] ApiManager:304 - Cannot register API 'Board Extension:EEPRMA2' from pack STMicroelectronics.X-CUBE-EEPRMA1.3.1.0: no header file found
2021-11-18 19:15:56,753 [WARN] ApiManager:304 - Cannot register API 'Board Extension:GNSS1A1' from pack STMicroelectronics.X-CUBE-GNSS1.5.2.0: no header file found
2021-11-18 19:15:56,753 [WARN] ApiManager:304 - Cannot register API 'Board Support:Custom' from pack STMicroelectronics.X-CUBE-GNSS1.5.2.0: no header file found
2021-11-18 19:15:56,753 [WARN] ApiManager:304 - Cannot register API 'Data Exchange:lib_gnss' from pack STMicroelectronics.X-CUBE-GNSS1.5.2.0: no header file found
2021-11-18 19:15:56,753 [WARN] ApiManager:304 - Cannot register API 'Wireless:BlueNRG-MS' from pack STMicroelectronics.X-CUBE-BLE1.6.2.2: no header file found
2021-11-18 19:15:56,754 [WARN] ApiManager:304 - Cannot register API 'Wireless:BlueNRG-2' from pack STMicroelectronics.X-CUBE-BLE2.3.2.2: no header file found
2021-11-18 19:15:56,755 [WARN] ModelIntegratedComponent:179 - Modes not found for component STMicroelectronics:USB_HOST:1.0.0:STMicroelectronics:USB::USB Host:Audio HS::1.0:USB_HOST_1_0_RESTRICTED_HS
2021-11-18 19:15:56,755 [WARN] ModelIntegratedComponent:185 - Modes not found for component STMicroelectronics:USB_HOST:1.0.0:STMicroelectronics:USB::USB Host:Audio HS::1.0:USB_HOST_1_0_RESTRICTED_HS
2021-11-18 19:15:56,755 [WARN] ModelIntegratedComponent:179 - Modes not found for component STMicroelectronics:USB_HOST:1.0.0:STMicroelectronics:USB::USB Host:CDC HS::1.0:USB_HOST_1_0_RESTRICTED_HS
2021-11-18 19:15:56,755 [WARN] ModelIntegratedComponent:185 - Modes not found for component STMicroelectronics:USB_HOST:1.0.0:STMicroelectronics:USB::USB Host:CDC HS::1.0:USB_HOST_1_0_RESTRICTED_HS
2021-11-18 19:15:56,755 [WARN] ModelIntegratedComponent:179 - Modes not found for component STMicroelectronics:USB_HOST:1.0.0:STMicroelectronics:USB::USB Host:MSC HS::1.0:USB_HOST_1_0_RESTRICTED_HS
2021-11-18 19:15:56,755 [WARN] ModelIntegratedComponent:185 - Modes not found for component STMicroelectronics:USB_HOST:1.0.0:STMicroelectronics:USB::USB Host:MSC HS::1.0:USB_HOST_1_0_RESTRICTED_HS
2021-11-18 19:15:56,755 [WARN] ModelIntegratedComponent:179 - Modes not found for component STMicroelectronics:USB_HOST:1.0.0:STMicroelectronics:USB::USB Host:HID HS::1.0:USB_HOST_1_0_RESTRICTED_HS
2021-11-18 19:15:56,755 [WARN] ModelIntegratedComponent:185 - Modes not found for component STMicroelectronics:USB_HOST:1.0.0:STMicroelectronics:USB::USB Host:HID HS::1.0:USB_HOST_1_0_RESTRICTED_HS
2021-11-18 19:15:56,755 [WARN] ModelIntegratedComponent:179 - Modes not found for component STMicroelectronics:USB_HOST:1.0.0:STMicroelectronics:USB::USB Host:MTP HS::1.0:USB_HOST_1_0_RESTRICTED_HS
2021-11-18 19:15:56,755 [WARN] ModelIntegratedComponent:185 - Modes not found for component STMicroelectronics:USB_HOST:1.0.0:STMicroelectronics:USB::USB Host:MTP HS::1.0:USB_HOST_1_0_RESTRICTED_HS
2021-11-18 19:15:56,756 [WARN] ApiManager:304 - Cannot register API 'Board Extension:NFC04A1' from pack STMicroelectronics.X-CUBE-NFC4.2.0.3: no header file found
2021-11-18 19:15:57,692 [INFO] UtilMem:74 - End LoadConfig() Used Memory: 494340728 Bytes (648019968)
2021-11-18 19:15:57,694 [WARN] ThirdParty:779 - waiting for thirdparty lock release [change project]
2021-11-18 19:15:57,694 [INFO] ThirdParty:781 - entering critical section [change project]
2021-11-18 19:15:57,694 [INFO] ThirdParty:967 - CMSIS Pack Vendor :wolfSSL I-CUBE-wolfSSL 5.0.0
2021-11-18 19:15:57,695 [INFO] ThirdParty:967 - CMSIS Pack Vendor :STMicroelectronics X-CUBE-SFXS2LP1 3.1.0
2021-11-18 19:15:57,695 [INFO] ThirdParty:967 - CMSIS Pack Vendor :RoweBots I-CUBE-UNISONRTOS 5.5.0-4
2021-11-18 19:15:57,695 [INFO] ThirdParty:967 - CMSIS Pack Vendor :STMicroelectronics X-CUBE-AZRTOS-F4 1.0.0
2021-11-18 19:15:57,695 [INFO] ThirdParty:967 - CMSIS Pack Vendor :STMicroelectronics USB_HOST 2.0.0
2021-11-18 19:15:57,695 [INFO] ThirdParty:967 - CMSIS Pack Vendor :STMicroelectronics X-CUBE-AZRTOS-H7 2.0.0
2021-11-18 19:15:57,695 [INFO] ThirdParty:967 - CMSIS Pack Vendor :STMicroelectronics X-CUBE-AZRTOS-L4 1.0.0
2021-11-18 19:15:57,695 [INFO] ThirdParty:967 - CMSIS Pack Vendor :STMicroelectronics USB_DEVICE 3.0.0
2021-11-18 19:15:57,695 [INFO] ThirdParty:967 - CMSIS Pack Vendor :STMicroelectronics X-CUBE-TOF1 2.0.0
2021-11-18 19:15:57,695 [INFO] ThirdParty:967 - CMSIS Pack Vendor :STMicroelectronics HAL Drivers 0.0.0
2021-11-18 19:15:57,695 [INFO] ThirdParty:967 - CMSIS Pack Vendor :STMicroelectronics MBEDTLS 2.16.2
2021-11-18 19:15:57,695 [INFO] ThirdParty:967 - CMSIS Pack Vendor :STMicroelectronics MBEDTLS 2.14.1
2021-11-18 19:15:57,695 [INFO] ThirdParty:967 - CMSIS Pack Vendor :STMicroelectronics X-CUBE-SUBG2 4.2.0
2021-11-18 19:15:57,696 [INFO] ThirdParty:967 - CMSIS Pack Vendor :STMicroelectronics X-CUBE-MEMS1 9.1.0
2021-11-18 19:15:57,696 [INFO] ThirdParty:967 - CMSIS Pack Vendor :STMicroelectronics X-CUBE-ALS 1.0.1
2021-11-18 19:15:57,696 [INFO] ThirdParty:967 - CMSIS Pack Vendor :STMicroelectronics USB_DEVICE 2.0.0
2021-11-18 19:15:57,696 [INFO] ThirdParty:967 - CMSIS Pack Vendor :STMicroelectronics X-CUBE-AI 7.0.0
2021-11-18 19:15:57,696 [INFO] ThirdParty:967 - CMSIS Pack Vendor :STMicroelectronics X-CUBE-ALGOBUILD 1.2.1
2021-11-18 19:15:57,696 [INFO] ThirdParty:967 - CMSIS Pack Vendor :STMicroelectronics FreeRTOS 0.0.1
2021-11-18 19:15:57,696 [INFO] ThirdParty:967 - CMSIS Pack Vendor :STMicroelectronics USB_DEVICE 1.0.0
2021-11-18 19:15:57,696 [INFO] ThirdParty:967 - CMSIS Pack Vendor :SEGGER I-CUBE-embOS 1.2.0
2021-11-18 19:15:57,696 [INFO] ThirdParty:967 - CMSIS Pack Vendor :STMicroelectronics X-CUBE-EEPRMA1 3.1.0
2021-11-18 19:15:57,696 [INFO] ThirdParty:967 - CMSIS Pack Vendor :STMicroelectronics X-CUBE-GNSS1 5.2.0
2021-11-18 19:15:57,696 [INFO] ThirdParty:967 - CMSIS Pack Vendor :STMicroelectronics ThreadX 0.0.2
2021-11-18 19:15:57,696 [INFO] ThirdParty:967 - CMSIS Pack Vendor :STMicroelectronics lwIP 2.0.3
2021-11-18 19:15:57,696 [INFO] ThirdParty:967 - CMSIS Pack Vendor :STMicroelectronics lwIP 2.1.2
2021-11-18 19:15:57,696 [INFO] ThirdParty:967 - CMSIS Pack Vendor :STMicroelectronics X-CUBE-BLE1 6.2.2
2021-11-18 19:15:57,696 [INFO] ThirdParty:967 - CMSIS Pack Vendor :STMicroelectronics X-CUBE-BLE2 3.2.2
2021-11-18 19:15:57,696 [INFO] ThirdParty:967 - CMSIS Pack Vendor :STMicroelectronics X-CUBE-DISPLAY 2.0.0
2021-11-18 19:15:57,696 [INFO] ThirdParty:967 - CMSIS Pack Vendor :STMicroelectronics USB_HOST 1.0.0
2021-11-18 19:15:57,697 [INFO] ThirdParty:967 - CMSIS Pack Vendor :STMicroelectronics X-CUBE-NFC4 2.0.3
2021-11-18 19:15:57,697 [INFO] ThirdParty:967 - CMSIS Pack Vendor :STMicroelectronics PDM2PCM 3.1.0
2021-11-18 19:15:57,697 [INFO] ThirdParty:967 - CMSIS Pack Vendor :STMicroelectronics PDM2PCM 3.2.0
2021-11-18 19:15:57,697 [INFO] ThirdParty:967 - CMSIS Pack Vendor :STMicroelectronics PDM2PCM 3.3.0
2021-11-18 19:15:57,697 [INFO] ThirdParty:967 - CMSIS Pack Vendor :STMicroelectronics X-CUBE-TOUCHGFX 4.18.0
2021-11-18 19:15:57,697 [INFO] ThirdParty:787 - exiting critical section [change project]
2021-11-18 19:15:57,963 [INFO] PinOutPanel:1463 - setPackage(No Configuration,No Configuration)
2021-11-18 19:15:57,964 [INFO] PinOutPanel:1463 - setPackage(STM32F401CCUx,UFQFPN48)
2021-11-18 19:15:58,307 [INFO] UtilMem:74 - Before build in PCC Used Memory: 542667360 Bytes (648019968)
2021-11-18 19:15:58,802 [INFO] UtilMem:74 - After build in PCC Used Memory: 542724344 Bytes (648019968)
2021-11-18 19:15:58,823 [INFO] IPUIPlugin:74 - create IPUIPlugin
2021-11-18 19:15:58,824 [INFO] IPUIPlugin:74 - create IPUIPlugin
2021-11-18 19:15:58,824 [INFO] IPUIPlugin:74 - create IPUIPlugin
2021-11-18 19:15:58,824 [INFO] IPUIPlugin:74 - create IPUIPlugin
2021-11-18 19:15:58,824 [INFO] IPUIPlugin:74 - create IPUIPlugin
2021-11-18 19:15:58,824 [INFO] IPUIPlugin:74 - create IPUIPlugin
2021-11-18 19:15:58,824 [INFO] IPUIPlugin:74 - create IPUIPlugin
2021-11-18 19:15:58,824 [INFO] IPUIPlugin:74 - create IPUIPlugin
2021-11-18 19:15:58,824 [INFO] IPUIPlugin:74 - create IPUIPlugin
2021-11-18 19:15:58,825 [INFO] IPUIPlugin:74 - create IPUIPlugin
2021-11-18 19:15:58,825 [INFO] IPUIPlugin:74 - create IPUIPlugin
2021-11-18 19:15:58,825 [INFO] IPUIPlugin:74 - create IPUIPlugin
2021-11-18 19:15:58,825 [INFO] IPUIPlugin:74 - create IPUIPlugin
2021-11-18 19:15:58,826 [INFO] IPUIPlugin:74 - create IPUIPlugin
2021-11-18 19:15:58,826 [INFO] IPUIPlugin:74 - create IPUIPlugin
2021-11-18 19:15:58,826 [INFO] IPUIPlugin:74 - create IPUIPlugin
2021-11-18 19:15:58,826 [INFO] IPUIPlugin:74 - create IPUIPlugin
2021-11-18 19:15:58,827 [INFO] IPUIPlugin:74 - create IPUIPlugin
2021-11-18 19:15:58,827 [INFO] IPUIPlugin:74 - create IPUIPlugin
2021-11-18 19:15:58,827 [INFO] IPUIPlugin:74 - create IPUIPlugin
2021-11-18 19:15:58,827 [INFO] IPUIPlugin:74 - create IPUIPlugin
2021-11-18 19:15:58,828 [INFO] IPUIPlugin:74 - create IPUIPlugin
2021-11-18 19:15:58,828 [INFO] IPUIPlugin:74 - create IPUIPlugin
2021-11-18 19:15:58,828 [INFO] IPUIPlugin:74 - create IPUIPlugin
2021-11-18 19:15:58,829 [INFO] IPUIPlugin:74 - create IPUIPlugin
2021-11-18 19:15:58,829 [INFO] IPUIPlugin:74 - create IPUIPlugin
2021-11-18 19:15:58,829 [INFO] IPUIPlugin:74 - create IPUIPlugin
2021-11-18 19:15:58,830 [INFO] IPUIPlugin:74 - create IPUIPlugin
2021-11-18 19:15:58,830 [INFO] IPUIPlugin:74 - create IPUIPlugin
2021-11-18 19:15:58,830 [INFO] IPUIPlugin:74 - create IPUIPlugin
2021-11-18 19:15:58,831 [INFO] IPUIPlugin:74 - create IPUIPlugin
2021-11-18 19:15:58,831 [INFO] IPUIPlugin:74 - create IPUIPlugin
2021-11-18 19:15:58,832 [INFO] IPUIPlugin:74 - create IPUIPlugin
2021-11-18 19:15:58,832 [INFO] IPUIPlugin:74 - create IPUIPlugin
2021-11-18 19:15:58,833 [INFO] IPUIPlugin:74 - create IPUIPlugin
2021-11-18 19:15:58,834 [INFO] IPUIPlugin:74 - create IPUIPlugin
2021-11-18 19:15:58,834 [INFO] IPUIPlugin:74 - create IPUIPlugin
2021-11-18 19:15:58,882 [INFO] ApiDbMcu:468 - Load IP Config File for PDM2PCM
2021-11-18 19:15:58,986 [INFO] OpenFileManager:333 - Restore cursor
2021-11-18 19:15:59,289 [INFO] UtilMem:74 - End SaveConfig() Used Memory: 512103456 Bytes (648019968)
2021-11-18 19:15:59,341 [INFO] UtilMem:74 - End SaveConfig() Used Memory: 528058112 Bytes (648019968)
2021-11-18 19:15:59,644 [INFO] BlockDiagram:2740 - set Specific Code input for plugin: NVIC
2021-11-18 19:15:59,645 [INFO] BlockDiagram:2740 - set Specific Code input for plugin: SYS
2021-11-18 19:15:59,645 [INFO] BlockDiagram:2740 - set Specific Code input for plugin: RCC
2021-11-18 19:15:59,646 [INFO] CodeGenerator:663 - code generatio: config db path: C:\ST\STM32CubeIDE_1.7.0\STM32CubeIDE\plugins\com.st.stm32cube.common.mx_6.3.0.202107141111\\db\
2021-11-18 19:15:59,952 [INFO] CodeEngine:239 - oldGeneratedFile, E:\test\New folder (2)\Blink\MXTmpFiles\license.tmp_save
2021-11-18 19:16:00,245 [INFO] CodeEngine:257 - Generated code: E:\test\New folder (2)\Blink\MXTmpFiles\license.tmp
2021-11-18 19:16:00,298 [INFO] CodeEngine:239 - oldGeneratedFile, E:\test\New folder (2)\Blink\Core\Src\stm32f4xx_it.c_save
2021-11-18 19:16:00,419 [INFO] CodeEngine:257 - Generated code: E:\test\New folder (2)\Blink\Core\Src\stm32f4xx_it.c
2021-11-18 19:16:00,421 [INFO] CodeEngine:239 - oldGeneratedFile, E:\test\New folder (2)\Blink\Core\Inc\stm32f4xx_it.h_save
2021-11-18 19:16:00,474 [INFO] CodeEngine:257 - Generated code: E:\test\New folder (2)\Blink\Core\Inc\stm32f4xx_it.h
2021-11-18 19:16:00,480 [INFO] CodeEngine:239 - oldGeneratedFile, E:\test\New folder (2)\Blink\Core\Src\stm32f4xx_hal_msp.c_save
2021-11-18 19:16:00,580 [INFO] CodeEngine:257 - Generated code: E:\test\New folder (2)\Blink\Core\Src\stm32f4xx_hal_msp.c
2021-11-18 19:16:00,583 [INFO] CodeEngine:239 - oldGeneratedFile, E:\test\New folder (2)\Blink\MXTmpFiles\system.tmp_save
2021-11-18 19:16:00,650 [INFO] CodeEngine:257 - Generated code: E:\test\New folder (2)\Blink\MXTmpFiles\system.tmp
2021-11-18 19:16:00,655 [INFO] CodeEngine:239 - oldGeneratedFile, E:\test\New folder (2)\Blink\Core\Inc\stm32f4xx_hal_conf.h_save
2021-11-18 19:16:00,779 [INFO] CodeEngine:257 - Generated code: E:\test\New folder (2)\Blink\Core\Inc\stm32f4xx_hal_conf.h
2021-11-18 19:16:00,855 [INFO] CodeEngine:239 - oldGeneratedFile, E:\test\New folder (2)\Blink\Core\Inc\main.h_save
2021-11-18 19:16:00,936 [INFO] CodeEngine:257 - Generated code: E:\test\New folder (2)\Blink\Core\Inc\main.h
2021-11-18 19:16:00,939 [INFO] CodeEngine:239 - oldGeneratedFile, E:\test\New folder (2)\Blink\Core\Src\main.c_save
2021-11-18 19:16:01,049 [INFO] CodeEngine:257 - Generated code: E:\test\New folder (2)\Blink\Core\Src\main.c
2021-11-18 19:16:02,025 [INFO] ProjectBuilder:2578 - Time for Copy HAL[1] : 164mS.
2021-11-18 19:16:02,032 [INFO] ProjectBuilder:3622 - Project Generator version: 3.14.1
2021-11-18 19:16:02,503 [INFO] ConfigFileManager:1271 - The Die is : DIE423
2021-11-18 19:16:02,518 [INFO] ApiDbMcu:468 - Load IP Config File for FATFS
2021-11-18 19:16:02,563 [INFO] ApiDbMcu:468 - Load IP Config File for FREERTOS
2021-11-18 19:16:02,568 [INFO] ApiDbMcu:468 - Load IP Config File for LIBJPEG
2021-11-18 19:16:02,660 [INFO] ApiDbMcu:468 - Load IP Config File for MBEDTLS
2021-11-18 19:16:02,703 [INFO] ApiDbMcu:468 - Load IP Config File for USB_DEVICE
2021-11-18 19:16:02,716 [INFO] ApiDbMcu:468 - Load IP Config File for USB_HOST
2021-11-18 19:16:05,524 [INFO] ProjectBuilder:3789 - Time for Generating toolchain IDE Files: 3492mS.
2021-11-18 19:16:05,525 [INFO] ProjectBuilder:2457 - Time for Copy CMSIS : 0mS.
2021-11-18 19:16:05,526 [INFO] ProjectBuilder:2457 - Time for Copy CMSIS : 0mS.
2021-11-18 19:16:06,074 [INFO] McuFinderGlobals:52 - Set McuFinderConnectedMode to true
2021-11-18 19:16:06,076 [INFO] ApiDb:276 - Save user favorites file C:\Users\dell/.stm32cubeide/favorites.mcus.txt: 0 item(s)
2021-11-18 19:16:06,076 [INFO] ApiDb:280 - User favorites MCUs=[]
2021-11-18 19:16:31,446 [INFO] Gpio:254 - dependency for GPIO [RCC]
2021-11-18 19:16:52,725 [INFO] Gpio:254 - dependency for GPIO [RCC]
2021-11-18 19:18:08,422 [INFO] UtilMem:74 - End SaveConfig() Used Memory: 799872376 Bytes (943718400)
2021-11-18 19:18:10,648 [INFO] UtilMem:74 - End SaveConfig() Used Memory: 820566952 Bytes (943718400)
2021-11-18 19:18:15,485 [INFO] UtilMem:74 - End SaveConfig() Used Memory: 623826312 Bytes (943718400)
2021-11-18 19:18:15,778 [INFO] BlockDiagram:2740 - set Specific Code input for plugin: NVIC
2021-11-18 19:18:15,778 [INFO] BlockDiagram:2740 - set Specific Code input for plugin: SYS
2021-11-18 19:18:15,778 [INFO] BlockDiagram:2740 - set Specific Code input for plugin: GPIO
2021-11-18 19:18:15,778 [INFO] BlockDiagram:2740 - set Specific Code input for plugin: RCC
2021-11-18 19:18:15,778 [INFO] CodeGenerator:663 - code generatio: config db path: C:\ST\STM32CubeIDE_1.7.0\STM32CubeIDE\plugins\com.st.stm32cube.common.mx_6.3.0.202107141111\\db\
2021-11-18 19:18:16,096 [INFO] CodeEngine:239 - oldGeneratedFile, E:\test\New folder (2)\Blink\MXTmpFiles\license.tmp_save
2021-11-18 19:18:16,166 [INFO] CodeEngine:257 - Generated code: E:\test\New folder (2)\Blink\MXTmpFiles\license.tmp
2021-11-18 19:18:16,195 [INFO] CodeEngine:239 - oldGeneratedFile, E:\test\New folder (2)\Blink\MXTmpFiles\gpio.tmp_save
2021-11-18 19:18:16,258 [INFO] CodeEngine:257 - Generated code: E:\test\New folder (2)\Blink\MXTmpFiles\gpio.tmp
2021-11-18 19:18:16,277 [INFO] CodeEngine:239 - oldGeneratedFile, E:\test\New folder (2)\Blink\Core\Src\stm32f4xx_it.c_save
2021-11-18 19:18:16,378 [INFO] CodeEngine:257 - Generated code: E:\test\New folder (2)\Blink\Core\Src\stm32f4xx_it.c
2021-11-18 19:18:16,382 [INFO] CodeEngine:239 - oldGeneratedFile, E:\test\New folder (2)\Blink\Core\Inc\stm32f4xx_it.h_save
2021-11-18 19:18:16,435 [INFO] CodeEngine:257 - Generated code: E:\test\New folder (2)\Blink\Core\Inc\stm32f4xx_it.h
2021-11-18 19:18:16,449 [INFO] CodeEngine:239 - oldGeneratedFile, E:\test\New folder (2)\Blink\Core\Src\stm32f4xx_hal_msp.c_save
2021-11-18 19:18:16,582 [INFO] CodeEngine:257 - Generated code: E:\test\New folder (2)\Blink\Core\Src\stm32f4xx_hal_msp.c
2021-11-18 19:18:16,584 [INFO] CodeEngine:239 - oldGeneratedFile, E:\test\New folder (2)\Blink\MXTmpFiles\system.tmp_save
2021-11-18 19:18:16,628 [INFO] CodeEngine:257 - Generated code: E:\test\New folder (2)\Blink\MXTmpFiles\system.tmp
2021-11-18 19:18:16,640 [INFO] CodeEngine:239 - oldGeneratedFile, E:\test\New folder (2)\Blink\Core\Inc\stm32f4xx_hal_conf.h_save
2021-11-18 19:18:16,717 [INFO] CodeEngine:257 - Generated code: E:\test\New folder (2)\Blink\Core\Inc\stm32f4xx_hal_conf.h
2021-11-18 19:18:16,763 [INFO] CodeEngine:239 - oldGeneratedFile, E:\test\New folder (2)\Blink\Core\Inc\main.h_save
2021-11-18 19:18:16,830 [INFO] CodeEngine:257 - Generated code: E:\test\New folder (2)\Blink\Core\Inc\main.h
2021-11-18 19:18:16,838 [INFO] CodeEngine:239 - oldGeneratedFile, E:\test\New folder (2)\Blink\Core\Src\main.c_save
2021-11-18 19:18:16,949 [INFO] CodeEngine:257 - Generated code: E:\test\New folder (2)\Blink\Core\Src\main.c
2021-11-18 19:18:17,781 [INFO] ProjectBuilder:2578 - Time for Copy HAL[1] : 125mS.
2021-11-18 19:18:17,784 [INFO] ProjectBuilder:3622 - Project Generator version: 3.14.1
2021-11-18 19:18:18,300 [INFO] ConfigFileManager:1271 - The Die is : DIE423
2021-11-18 19:18:19,952 [INFO] ProjectBuilder:3789 - Time for Generating toolchain IDE Files: 2168mS.
2021-11-18 19:18:19,953 [INFO] ProjectBuilder:2457 - Time for Copy CMSIS : 0mS.
2021-11-18 19:18:19,954 [INFO] ProjectBuilder:2457 - Time for Copy CMSIS : 1mS.
